2005-01-01 03:01:53; 2128; 7;Added command[check_disk]=cscript.exe //NoLogo //T:10 c:\nrpe_nt\plugins\check_disk.wsf /drive:"$ARG1$:\" /w:$ARG2$% /c:$ARG3$%
2005-01-01 03:01:53; 2128; 7;Added command[check_process]=cscript.exe //NoLogo //T:10 c:\nrpe_nt\plugins\check_process.wsf $ARG1$
2005-01-01 03:01:53; 2128; 7;Added command[check_service]=cscript.exe //NoLogo //T:10 c:\nrpe_nt\plugins\check_service.wsf $ARG1$
2005-01-01 03:01:53; 2128; 7;Added command[dir_file_count]=cscript.exe //NoLogo //T:30 c:\nrpe_nt\plugins\directory_file_count.wsf $ARG1$: \\$ARG2$ $ARG3$ $ARG4$
2005-01-01 03:01:53; 2128; 7;Added command[check_ram]=cscript.exe //NoLogo //T:10 c:\nrpe_nt\plugins\check_ram.wsf /w:$ARG1$ /c:$ARG2$
2005-01-01 03:01:53; 2128; 7;Added command[check_cpu]=cscript.exe //NoLogo //T:10 c:\nrpe_nt\plugins\chkwin_cputime.wsf /w:$ARG1$ /c:$ARG2$
2005-01-01 03:01:53; 2128; 7;Added command[check_event]=c:\nrpe_nt\plugins\eventlog.exe -e $ARG1$ -t $ARG2$ -m $ARG3$
2005-01-01 03:01:53; 2128; 7;Added command[check_ping]=c:\nrpe_nt\plugins\check_ping.cmd $ARG1$ $ARG2$
2005-01-01 03:01:53; 2128; 7;Added command[check_memory]=bash.exe c:\nrpe_nt\plugins\check_memory.sh $ARG1$ $ARG2$ $ARG3$ $ARG4$ $ARG5$
2005-01-01 03:01:53; 2128; 7;Loaded config from: C:\nrpe_nt\nrpe.cfg
2005-01-01 03:01:53; 2128; 7;Starting server thread...
2005-01-01 03:02:51; 2212; 7;Added command[check_disk]=cscript.exe //NoLogo //T:10 c:\nrpe_nt\plugins\check_disk.wsf /drive:"$ARG1$:\" /w:$ARG2$% /c:$ARG3$%
2005-01-01 03:02:51; 2212; 7;Added command[check_process]=cscript.exe //NoLogo //T:10 c:\nrpe_nt\plugins\check_process.wsf $ARG1$
2005-01-01 03:02:51; 2212; 7;Added command[check_service]=cscript.exe //NoLogo //T:10 c:\nrpe_nt\plugins\check_service.wsf $ARG1$
2005-01-01 03:02:51; 2212; 7;Added command[dir_file_count]=cscript.exe //NoLogo //T:30 c:\nrpe_nt\plugins\directory_file_count.wsf $ARG1$: \\$ARG2$ $ARG3$ $ARG4$
2005-01-01 03:02:51; 2212; 7;Added command[check_ram]=cscript.exe //NoLogo //T:10 c:\nrpe_nt\plugins\check_ram.wsf /w:$ARG1$ /c:$ARG2$
2005-01-01 03:02:51; 2212; 7;Added command[check_cpu]=cscript.exe //NoLogo //T:10 c:\nrpe_nt\plugins\chkwin_cputime.wsf /w:$ARG1$ /c:$ARG2$
2005-01-01 03:02:51; 2212; 7;Added command[check_event]=c:\nrpe_nt\plugins\eventlog.exe -e $ARG1$ -t $ARG2$ -m $ARG3$
2005-01-01 03:02:51; 2212; 7;Added command[check_ping]=c:\nrpe_nt\plugins\check_ping.cmd $ARG1$ $ARG2$
2005-01-01 03:02:51; 2212; 7;Added command[check_memory]=bash.exe c:\nrpe_nt\plugins\check_memory.sh $ARG1$ $ARG2$ $ARG3$ $ARG4$ $ARG5$
2005-01-01 03:02:51; 2212; 7;Loaded config from: C:\nrpe_nt\nrpe.cfg
2005-01-01 03:02:51; 2212; 7;Starting server thread...
2005-01-01 03:02:51; 2256; 7;Binding to all interfaces
2005-01-01 03:02:51; 2256; 6;Listening on port 5666
2005-01-01 03:03:57; 2092; 7;Host is asking for command '_NRPE_CHECK' to be run...
2005-01-01 03:03:57; 2092; 7;Echoing Server Version back to client
2005-01-01 03:03:57; 2092; 7;Response: NRPE_NT v0.8/2.0
2005-01-01 03:04:19; 1596; 7;Host is asking for command '_NRPE_CHECK' to be run...
2005-01-01 03:04:19; 1596; 7;Echoing Server Version back to client
2005-01-01 03:04:19; 1596; 7;Response: NRPE_NT v0.8/2.0
2005-01-01 03:04:23; 2328; 7;Host is asking for command '_NRPE_CHECK' to be run...
2005-01-01 03:04:23; 2328; 7;Echoing Server Version back to client
2005-01-01 03:04:23; 2328; 7;Response: NRPE_NT v0.8/2.0
2005-01-01 03:04:33; 2328; 7;Host is asking for command '_NRPE_CHECK' to be run...
2005-01-01 03:04:33; 2328; 7;Echoing Server Version back to client
2005-01-01 03:04:33; 2328; 7;Response: NRPE_NT v0.8/2.0
2005-01-01 03:04:48; 2328; 7;Host is asking for command '_NRPE_CHECK' to be run...
2005-01-01 03:04:48; 2328; 7;Echoing Server Version back to client
2005-01-01 03:04:48; 2328; 7;Response: NRPE_NT v0.8/2.0
2005-01-01 03:04:58; 2092; 7;Host is asking for command '_NRPE_CHECK' to be run...
2005-01-01 03:04:58; 2092; 7;Echoing Server Version back to client
2005-01-01 03:04:58; 2092; 7;Response: NRPE_NT v0.8/2.0
2005-01-01 03:06:05; 2328; 7;Host is asking for command '_NRPE_CHECK' to be run...
2005-01-01 03:06:05; 2328; 7;Echoing Server Version back to client
2005-01-01 03:06:05; 2328; 7;Response: NRPE_NT v0.8/2.0
2005-01-01 03:17:22; 904; 7;Host is asking for command 'check_memory' to be run...
2005-01-01 03:17:22; 904; 7;Running command: bash.exe c:\nrpe_nt\plugins\check_memory.sh     
2005-01-01 03:17:22; 904; 7;Command completed with return code 0
2005-01-01 03:17:33; 1252; 7;Host is asking for command 'check_memory' to be run...
2005-01-01 03:17:33; 1252; 7;Running command: bash.exe c:\nrpe_nt\plugins\check_memory.sh     
2005-01-01 03:17:33; 1252; 7;Command completed with return code 0
2005-01-01 03:17:57; 2092; 7;Host is asking for command 'check_memory' to be run...
2005-01-01 03:17:57; 2092; 7;Running command: bash.exe c:\nrpe_nt\plugins\check_memory.sh     
2005-01-01 03:17:57; 2092; 7;Command completed with return code 0
2005-01-01 03:19:14; 904; 7;Host is asking for command 'check_memory' to be run...
2005-01-01 03:19:14; 904; 7;Running command: bash.exe c:\nrpe_nt\plugins\check_memory.sh     
2005-01-01 03:19:14; 904; 7;Command completed with return code 0
2005-01-01 03:19:23; 1252; 7;Host is asking for command 'check_memory' to be run...
2005-01-01 03:19:23; 1252; 7;Running command: bash.exe c:\nrpe_nt\plugins\check_memory.sh     
2005-01-01 03:19:23; 1252; 7;Command completed with return code 0
2005-01-01 03:21:27; 1132; 7;Host is asking for command 'check_memory' to be run...
2005-01-01 03:21:27; 1132; 7;Running command: bash.exe c:\nrpe_nt\plugins\check_memory.sh PM am 100 200 
2005-01-01 03:21:28; 1132; 7;Command completed with return code 0
2005-01-01 03:21:35; 1132; 7;Host is asking for command 'check_memory' to be run...
2005-01-01 03:21:35; 1132; 7;Running command: bash.exe c:\nrpe_nt\plugins\check_memory.sh PM AM 100 200 
2005-01-01 03:21:36; 1132; 7;Command completed with return code 1
2005-01-01 03:21:48; 1132; 7;Host is asking for command 'check_memory' to be run...
2005-01-01 03:21:48; 1132; 7;Running command: bash.exe c:\nrpe_nt\plugins\check_memory.sh PM AM 100 200 GRA
2005-01-01 03:21:49; 1132; 7;Command completed with return code 0
2005-01-01 03:21:54; 1132; 7;Host is asking for command 'check_memory' to be run...
2005-01-01 03:21:54; 1132; 7;Running command: bash.exe c:\nrpe_nt\plugins\check_memory.sh PM AM 100 200 
2005-01-01 03:21:55; 1132; 7;Command completed with return code 1
2005-01-01 03:22:10; 1132; 7;Host is asking for command 'check_memory' to be run...
2005-01-01 03:22:10; 1132; 7;Running command: bash.exe c:\nrpe_nt\plugins\check_memory.sh PM AM 160 200 
2005-01-01 03:22:11; 1132; 7;Command completed with return code 0
2005-01-01 04:08:41; 1648; 7;Host is asking for command 'ivr_fdo/pm_am.rrd' to be run...
2005-01-01 04:08:41; 1648; 7;NRPE: Command 'ivr_fdo/pm_am.rrd' not defined
2005-01-01 04:09:00; 1648; 7;Host is asking for command 'ivr_fdo/vm_am.rrd' to be run...
2005-01-01 04:09:00; 1648; 7;NRPE: Command 'ivr_fdo/vm_am.rrd' not defined
2005-01-01 04:13:41; 1608; 7;Host is asking for command 'ivr_fdo/pm_am.rrd' to be run...
2005-01-01 04:13:41; 1608; 7;NRPE: Command 'ivr_fdo/pm_am.rrd' not defined
2005-01-01 04:14:00; 1608; 7;Host is asking for command 'ivr_fdo/vm_am.rrd' to be run...
2005-01-01 04:14:00; 1608; 7;NRPE: Command 'ivr_fdo/vm_am.rrd' not defined
2005-01-01 04:18:55; 1608; 7;Host is asking for command 'ivr_fdo/pm_am.rrd' to be run...
2005-01-01 04:18:55; 1608; 7;NRPE: Command 'ivr_fdo/pm_am.rrd' not defined
2005-01-01 04:19:12; 1608; 7;Host is asking for command 'ivr_fdo/vm_am.rrd' to be run...
2005-01-01 04:19:12; 1608; 7;NRPE: Command 'ivr_fdo/vm_am.rrd' not defined
2005-01-01 04:21:46; 2320; 7;Host is asking for command 'ivr_fdo/pm_am.rrd' to be run...
2005-01-01 04:21:46; 2320; 7;NRPE: Command 'ivr_fdo/pm_am.rrd' not defined
2005-01-01 04:26:27; 1132; 7;Host is asking for command 'ivr_fdo/vm_am.rrd' to be run...
2005-01-01 04:26:27; 1132; 7;NRPE: Command 'ivr_fdo/vm_am.rrd' not defined
2005-01-01 04:26:46; 1132; 7;Host is asking for command 'ivr_fdo/pm_am.rrd' to be run...
2005-01-01 04:26:46; 1132; 7;NRPE: Command 'ivr_fdo/pm_am.rrd' not defined
2005-01-01 04:34:53; 1252; 7;Host is asking for command 'check_memory' to be run...
2005-01-01 04:34:53; 1252; 7;Running command: bash.exe c:\nrpe_nt\plugins\check_memory.sh VM AM 100 200 
2005-01-01 04:34:53; 1252; 7;Command completed with return code 3
2005-01-01 04:35:00; 1364; 7;Host is asking for command 'check_memory' to be run...
2005-01-01 04:35:00; 1364; 7;Running command: bash.exe c:\nrpe_nt\plugins\check_memory.sh PVM AM 100 200 
2005-01-01 04:35:00; 1364; 7;Command completed with return code 2
2005-01-01 04:36:03; 1252; 7;Host is asking for command 'check_memory' to be run...
2005-01-01 04:36:03; 1252; 7;Running command: bash.exe c:\nrpe_nt\plugins\check_memory.sh PVM AM 100 200 GRA
2005-01-01 04:36:04; 1252; 7;Command completed with return code 0
2005-01-01 04:41:27; 2248; 7;Host is asking for command 'ivr_fdo/vm_am.rrd' to be run...
2005-01-01 04:41:27; 2248; 7;NRPE: Command 'ivr_fdo/vm_am.rrd' not defined
2005-01-01 04:42:03; 1252; 7;Host is asking for command 'ivr_fdo/pm_am.rrd' to be run...
2005-01-01 04:42:03; 1252; 7;NRPE: Command 'ivr_fdo/pm_am.rrd' not defined
2005-01-01 04:47:59; 1252; 7;Host is asking for command 'ivr_fdo/pm_am.rrd' to be run...
2005-01-01 04:47:59; 1252; 7;NRPE: Command 'ivr_fdo/pm_am.rrd' not defined
2005-01-01 04:48:18; 1252; 7;Host is asking for command 'ivr_fdo/vm_am.rrd' to be run...
2005-01-01 04:48:18; 1252; 7;NRPE: Command 'ivr_fdo/vm_am.rrd' not defined
2005-01-01 04:48:46; 332; 7;Host is asking for command 'ivr_fdo/pm_am.rrd' to be run...
2005-01-01 04:48:46; 332; 7;NRPE: Command 'ivr_fdo/pm_am.rrd' not defined
2005-01-01 04:51:47; 332; 7;Host is asking for command 'ivr_fdo/vm_am.rrd' to be run...
2005-01-01 04:51:47; 332; 7;NRPE: Command 'ivr_fdo/vm_am.rrd' not defined
2005-01-01 04:55:46; 1132; 7;Host is asking for command 'check_memory' to be run...
2005-01-01 04:55:46; 1132; 7;Running command: bash.exe c:\nrpe_nt\plugins\check_memory.sh PM AM 100 150 GRA
2005-01-01 04:55:47; 1132; 7;Command completed with return code 0
2005-01-01 04:56:00; 332; 7;Host is asking for command 'check_memory' to be run...
2005-01-01 04:56:00; 332; 7;Running command: bash.exe c:\nrpe_nt\plugins\check_memory.sh PVM AM 200 400 GRA
2005-01-01 04:56:01; 332; 7;Command completed with return code 0
2005-01-01 05:09:28; 2256; 7;Exited listener loop
2005-01-01 05:09:28; 2212; 6;NRPE_NT shutting down...
